{
  "stats": {
    "suites": 1,
    "tests": 1,
    "passes": 1,
    "pending": 0,
    "failures": 0,
    "start": "2021-11-12T02:22:02.555Z",
    "end": "2021-11-12T02:22:20.271Z",
    "duration": 17716,
    "testsRegistered": 1,
    "passPercent": 100,
    "pendingPercent": 0,
    "other": 0,
    "hasOther": false,
    "skipped": 0,
    "hasSkipped": false
  },
  "results": [
    {
      "uuid": "ecefe84a-c9be-4a1e-b66a-8cc424a902a7",
      "title": "",
      "fullFile": "cypress/integration/cadastro.spec.js",
      "file": "cypress/integration/cadastro.spec.js",
      "beforeHooks": [],
      "afterHooks": [],
      "tests": [],
      "suites": [
        {
          "uuid": "a3f55b5f-35e8-4223-aef4-d255fc07aa6a",
          "title": "Cadastro",
          "fullFile": "",
          "file": "",
          "beforeHooks": [],
          "afterHooks": [],
          "tests": [
            {
              "title": "Quando informar os dados necessários e salvar, então o cadastro será concludido.",
              "fullTitle": "Cadastro Quando informar os dados necessários e salvar, então o cadastro será concludido.",
              "timedOut": null,
              "duration": 14821,
              "state": "passed",
              "speed": "slow",
              "pass": true,
              "fail": false,
              "pending": false,
              "context": null,
              "code": "cy.visit('http://automationpractice.com/index.php');\ncy.get('a.login').click();\nlet email = chance.email();\ncy.get('input[name=email_create]').type(email);\ncy.get('i.icon-user').click();\ncy.get('input[name=id_gender][value=\"2\"]').check();\ncy.get('input[name=customer_firstname]').type(chance.first());\ncy.get('input[name=customer_lastname]').type(chance.last());\ncy.get('input[name=email]').should('have.value', email);\ncy.get('input[name=passwd]').type(chance.string(), {\n  sensitive: true\n});\ncy.get('select[name=days]').select('17');\ncy.get('select[name=months]').select(chance.month());\ncy.get('select[name=years]').select(chance.year({\n  min: 1900,\n  max: 2021\n}));\ncy.get('input[name=company]').type(chance.company());\ncy.get('input[name=address1]').type(chance.address()); // cy.get('input[name=address2]').type()\ncy.get('input[name=city]').type(chance.city());\ncy.get('select[name=id_state]').select(chance.state({\n  full: true\n}));\ncy.get('input[name=postcode]').type(chance.zip());\ncy.get('input[name=phone_mobile]').type(chance.phone());\ncy.get('input[name=alias]').type(chance.address());\ncy.get('button[name=submitAccount]').click();\ncy.url().should('contain', 'my-account');",
              "err": {},
              "uuid": "5a9b33c0-6bfc-49c6-83d4-304e030bbf30",
              "parentUUID": "a3f55b5f-35e8-4223-aef4-d255fc07aa6a",
              "isHook": false,
              "skipped": false
            }
          ],
          "suites": [],
          "passes": [
            "5a9b33c0-6bfc-49c6-83d4-304e030bbf30"
          ],
          "failures": [],
          "pending": [],
          "skipped": [],
          "duration": 14821,
          "root": false,
          "rootEmpty": false,
          "_timeout": 2000
        }
      ],
      "passes": [],
      "failures": [],
      "pending": [],
      "skipped": [],
      "duration": 0,
      "root": true,
      "rootEmpty": true,
      "_timeout": 2000
    }
  ],
  "meta": {
    "mocha": {
      "version": "7.0.1"
    },
    "mochawesome": {
      "options": {
        "quiet": true,
        "reportFilename": "mochawesome",
        "saveHtml": false,
        "saveJson": true,
        "consoleReporter": "spec",
        "useInlineDiffs": false,
        "code": true
      },
      "version": "6.3.1"
    },
    "marge": {
      "options": {
        "id": "default",
        "reportDir": "mochawesome-report",
        "quiet": true,
        "overwrite": false,
        "html": false,
        "json": true
      },
      "version": "5.2.0"
    }
  }
}